<?xml version="1.0" encoding="UTF-8" ?>
<testsuites>
  <testsuite errors="3" failures="1" hostname="k423.bn.local" id="0" name="ComConsultationRecordControllerSpec" package="ru.mm2.operations" tests="7" time="1.731" timestamp="2014-01-15T08:51:50">
      <properties />

      <testcase classname="ru.mm2.operations.ComConsultationRecordControllerSpec" name="Test the index action returns the correct model" time="0.397" />

      <testcase classname="ru.mm2.operations.ComConsultationRecordControllerSpec" name="Test the create action returns the correct model" time="0.092">
          <error type="java.lang.NullPointerException">java.lang.NullPointerException
	at java.text.SimpleDateFormat.parse(SimpleDateFormat.java:1380)
	at java.text.DateFormat.parse(DateFormat.java:355)
	at ru.mm2.operations.ComConsultationRecordController.$tt__create(ComConsultationRecordController.groovy:25)
	at ru.mm2.operations.ComConsultationRecordControllerSpec.Test the create action returns the correct model(ComConsultationRecordControllerSpec.groovy:30)
</error>

      </testcase>

      <testcase classname="ru.mm2.operations.ComConsultationRecordControllerSpec" name="Test the save action correctly persists an instance" time="0.354">
          <error message="Cannot redirect for object [ru.mm2.operations.ComConsultationRecord : (unsaved)] it is not a domain or has no identifier. Use an explicit redirect instead " type="org.codehaus.groovy.grails.web.servlet.mvc.exceptions.CannotRedirectException">org.codehaus.groovy.grails.web.servlet.mvc.exceptions.CannotRedirectException: Cannot redirect for object [ru.mm2.operations.ComConsultationRecord : (unsaved)] it is not a domain or has no identifier. Use an explicit redirect instead 
	at ru.mm2.operations.ComConsultationRecordController.tt__save_closure9_closure14(ComConsultationRecordController.groovy:47)
	at ru.mm2.operations.ComConsultationRecordController.$tt__save(ComConsultationRecordController.groovy:44)
	at ru.mm2.operations.ComConsultationRecordControllerSpec.Test the save action correctly persists an instance(ComConsultationRecordControllerSpec.groovy:52)
</error>

      </testcase>

      <testcase classname="ru.mm2.operations.ComConsultationRecordControllerSpec" name="Test that the show action returns the correct model" time="0.123" />

      <testcase classname="ru.mm2.operations.ComConsultationRecordControllerSpec" name="Test that the edit action returns the correct model" time="0.089" />

      <testcase classname="ru.mm2.operations.ComConsultationRecordControllerSpec" name="Test the update action performs an update on a valid domain instance" time="0.349">
          <error message="Cannot get property &apos;id&apos; on null object" type="java.lang.NullPointerException">java.lang.NullPointerException: Cannot get property &apos;id&apos; on null object
	at ru.mm2.operations.ComConsultationRecordControllerSpec.Test the update action performs an update on a valid domain instance(ComConsultationRecordControllerSpec.groovy:118)
</error>

      </testcase>

      <testcase classname="ru.mm2.operations.ComConsultationRecordControllerSpec" name="Test that the delete action deletes an instance if it exists" time="0.085">
          <failure message="Condition not satisfied:&#xa;&#xa;ComConsultationRecord.count() == 1&#xa;                      |       |&#xa;                      0       false&#xa;" type="junit.framework.AssertionFailedError">junit.framework.AssertionFailedError: Condition not satisfied:

ComConsultationRecord.count() == 1
                      |       |
                      0       false

	at ru.mm2.operations.ComConsultationRecordControllerSpec.Test that the delete action deletes an instance if it exists(ComConsultationRecordControllerSpec.groovy:136)
</failure>

      </testcase>

      <system-out><![CDATA[--Output from Test the index action returns the correct model--
--Output from Test the create action returns the correct model--
--Output from Test the save action correctly persists an instance--
--Output from Test that the show action returns the correct model--
--Output from Test that the edit action returns the correct model--
--Output from Test the update action performs an update on a valid domain instance--
--Output from Test that the delete action deletes an instance if it exists--
]]></system-out>

      <system-err><![CDATA[--Output from Test the index action returns the correct model--
--Output from Test the create action returns the correct model--
--Output from Test the save action correctly persists an instance--
--Output from Test that the show action returns the correct model--
--Output from Test that the edit action returns the correct model--
--Output from Test the update action performs an update on a valid domain instance--
--Output from Test that the delete action deletes an instance if it exists--
]]></system-err>

  </testsuite>
  <testsuite errors="3" failures="1" hostname="k423.bn.local" id="1" name="ComOperationRecordControllerSpec" package="ru.mm2.operations" tests="7" time="1.813" timestamp="2014-01-15T08:51:54">
      <properties />

      <testcase classname="ru.mm2.operations.ComOperationRecordControllerSpec" name="Test the index action returns the correct model" time="0.393" />

      <testcase classname="ru.mm2.operations.ComOperationRecordControllerSpec" name="Test the create action returns the correct model" time="0.072">
          <error type="java.lang.NullPointerException">java.lang.NullPointerException
	at java.text.SimpleDateFormat.parse(SimpleDateFormat.java:1380)
	at java.text.DateFormat.parse(DateFormat.java:355)
	at ru.mm2.operations.ComOperationRecordController.$tt__create(ComOperationRecordController.groovy:50)
	at ru.mm2.operations.ComOperationRecordControllerSpec.Test the create action returns the correct model(ComOperationRecordControllerSpec.groovy:30)
</error>

      </testcase>

      <testcase classname="ru.mm2.operations.ComOperationRecordControllerSpec" name="Test the save action correctly persists an instance" time="0.468">
          <error message="Cannot redirect for object [ru.mm2.operations.ComOperationRecord : (unsaved)] it is not a domain or has no identifier. Use an explicit redirect instead " type="org.codehaus.groovy.grails.web.servlet.mvc.exceptions.CannotRedirectException">org.codehaus.groovy.grails.web.servlet.mvc.exceptions.CannotRedirectException: Cannot redirect for object [ru.mm2.operations.ComOperationRecord : (unsaved)] it is not a domain or has no identifier. Use an explicit redirect instead 
	at ru.mm2.operations.ComOperationRecordController.tt__save_closure11_closure16(ComOperationRecordController.groovy:72)
	at ru.mm2.operations.ComOperationRecordController.$tt__save(ComOperationRecordController.groovy:69)
	at ru.mm2.operations.ComOperationRecordControllerSpec.Test the save action correctly persists an instance(ComOperationRecordControllerSpec.groovy:52)
</error>

      </testcase>

      <testcase classname="ru.mm2.operations.ComOperationRecordControllerSpec" name="Test that the show action returns the correct model" time="0.087" />

      <testcase classname="ru.mm2.operations.ComOperationRecordControllerSpec" name="Test that the edit action returns the correct model" time="0.182" />

      <testcase classname="ru.mm2.operations.ComOperationRecordControllerSpec" name="Test the update action performs an update on a valid domain instance" time="0.258">
          <error message="Cannot get property &apos;id&apos; on null object" type="java.lang.NullPointerException">java.lang.NullPointerException: Cannot get property &apos;id&apos; on null object
	at ru.mm2.operations.ComOperationRecordControllerSpec.Test the update action performs an update on a valid domain instance(ComOperationRecordControllerSpec.groovy:118)
</error>

      </testcase>

      <testcase classname="ru.mm2.operations.ComOperationRecordControllerSpec" name="Test that the delete action deletes an instance if it exists" time="0.149">
          <failure message="Condition not satisfied:&#xa;&#xa;ComOperationRecord.count() == 1&#xa;                   |       |&#xa;                   0       false&#xa;" type="junit.framework.AssertionFailedError">junit.framework.AssertionFailedError: Condition not satisfied:

ComOperationRecord.count() == 1
                   |       |
                   0       false

	at ru.mm2.operations.ComOperationRecordControllerSpec.Test that the delete action deletes an instance if it exists(ComOperationRecordControllerSpec.groovy:136)
</failure>

      </testcase>

      <system-out><![CDATA[--Output from Test the index action returns the correct model--
--Output from Test the create action returns the correct model--
--Output from Test the save action correctly persists an instance--
--Output from Test that the show action returns the correct model--
--Output from Test that the edit action returns the correct model--
--Output from Test the update action performs an update on a valid domain instance--
--Output from Test that the delete action deletes an instance if it exists--
]]></system-out>

      <system-err><![CDATA[--Output from Test the index action returns the correct model--
--Output from Test the create action returns the correct model--
--Output from Test the save action correctly persists an instance--
--Output from Test that the show action returns the correct model--
--Output from Test that the edit action returns the correct model--
--Output from Test the update action performs an update on a valid domain instance--
--Output from Test that the delete action deletes an instance if it exists--
]]></system-err>

  </testsuite>
  <testsuite errors="3" failures="1" hostname="k423.bn.local" id="2" name="ComResearchRecordControllerSpec" package="ru.mm2.operations" tests="7" time="2.234" timestamp="2014-01-15T08:51:46">
      <properties />

      <testcase classname="ru.mm2.operations.ComResearchRecordControllerSpec" name="Test the index action returns the correct model" time="0.776" />

      <testcase classname="ru.mm2.operations.ComResearchRecordControllerSpec" name="Test the create action returns the correct model" time="0.093">
          <error type="java.lang.NullPointerException">java.lang.NullPointerException
	at java.text.SimpleDateFormat.parse(SimpleDateFormat.java:1380)
	at java.text.DateFormat.parse(DateFormat.java:355)
	at ru.mm2.operations.ComResearchRecordController.$tt__create(ComResearchRecordController.groovy:26)
	at ru.mm2.operations.ComResearchRecordControllerSpec.Test the create action returns the correct model(ComResearchRecordControllerSpec.groovy:30)
</error>

      </testcase>

      <testcase classname="ru.mm2.operations.ComResearchRecordControllerSpec" name="Test the save action correctly persists an instance" time="0.295">
          <error message="Cannot redirect for object [ru.mm2.operations.ComResearchRecord : (unsaved)] it is not a domain or has no identifier. Use an explicit redirect instead " type="org.codehaus.groovy.grails.web.servlet.mvc.exceptions.CannotRedirectException">org.codehaus.groovy.grails.web.servlet.mvc.exceptions.CannotRedirectException: Cannot redirect for object [ru.mm2.operations.ComResearchRecord : (unsaved)] it is not a domain or has no identifier. Use an explicit redirect instead 
	at ru.mm2.operations.ComResearchRecordController.tt__save_closure9_closure14(ComResearchRecordController.groovy:48)
	at ru.mm2.operations.ComResearchRecordController.$tt__save(ComResearchRecordController.groovy:45)
	at ru.mm2.operations.ComResearchRecordControllerSpec.Test the save action correctly persists an instance(ComResearchRecordControllerSpec.groovy:52)
</error>

      </testcase>

      <testcase classname="ru.mm2.operations.ComResearchRecordControllerSpec" name="Test that the show action returns the correct model" time="0.168" />

      <testcase classname="ru.mm2.operations.ComResearchRecordControllerSpec" name="Test that the edit action returns the correct model" time="0.297" />

      <testcase classname="ru.mm2.operations.ComResearchRecordControllerSpec" name="Test the update action performs an update on a valid domain instance" time="0.261">
          <error message="Cannot get property &apos;id&apos; on null object" type="java.lang.NullPointerException">java.lang.NullPointerException: Cannot get property &apos;id&apos; on null object
	at ru.mm2.operations.ComResearchRecordControllerSpec.Test the update action performs an update on a valid domain instance(ComResearchRecordControllerSpec.groovy:118)
</error>

      </testcase>

      <testcase classname="ru.mm2.operations.ComResearchRecordControllerSpec" name="Test that the delete action deletes an instance if it exists" time="0.112">
          <failure message="Condition not satisfied:&#xa;&#xa;ComResearchRecord.count() == 1&#xa;                  |       |&#xa;                  0       false&#xa;" type="junit.framework.AssertionFailedError">junit.framework.AssertionFailedError: Condition not satisfied:

ComResearchRecord.count() == 1
                  |       |
                  0       false

	at ru.mm2.operations.ComResearchRecordControllerSpec.Test that the delete action deletes an instance if it exists(ComResearchRecordControllerSpec.groovy:136)
</failure>

      </testcase>

      <system-out><![CDATA[--Output from Test the index action returns the correct model--
--Output from Test the create action returns the correct model--
--Output from Test the save action correctly persists an instance--
--Output from Test that the show action returns the correct model--
--Output from Test that the edit action returns the correct model--
--Output from Test the update action performs an update on a valid domain instance--
--Output from Test that the delete action deletes an instance if it exists--
]]></system-out>

      <system-err><![CDATA[--Output from Test the index action returns the correct model--
--Output from Test the create action returns the correct model--
--Output from Test the save action correctly persists an instance--
--Output from Test that the show action returns the correct model--
--Output from Test that the edit action returns the correct model--
--Output from Test the update action performs an update on a valid domain instance--
--Output from Test that the delete action deletes an instance if it exists--
]]></system-err>

  </testsuite>
  <testsuite errors="3" failures="1" hostname="k423.bn.local" id="3" name="ConsultationRecordControllerSpec" package="ru.mm2.operations" tests="7" time="0.927" timestamp="2014-01-15T08:51:52">
      <properties />

      <testcase classname="ru.mm2.operations.ConsultationRecordControllerSpec" name="Test the index action returns the correct model" time="0.263" />

      <testcase classname="ru.mm2.operations.ConsultationRecordControllerSpec" name="Test the create action returns the correct model" time="0.061">
          <error type="java.lang.NullPointerException">java.lang.NullPointerException
	at java.text.SimpleDateFormat.parse(SimpleDateFormat.java:1380)
	at java.text.DateFormat.parse(DateFormat.java:355)
	at ru.mm2.operations.ConsultationRecordController.$tt__create(ConsultationRecordController.groovy:25)
	at ru.mm2.operations.ConsultationRecordControllerSpec.Test the create action returns the correct model(ConsultationRecordControllerSpec.groovy:30)
</error>

      </testcase>

      <testcase classname="ru.mm2.operations.ConsultationRecordControllerSpec" name="Test the save action correctly persists an instance" time="0.154">
          <error message="Cannot redirect for object [ru.mm2.operations.ConsultationRecord : (unsaved)] it is not a domain or has no identifier. Use an explicit redirect instead " type="org.codehaus.groovy.grails.web.servlet.mvc.exceptions.CannotRedirectException">org.codehaus.groovy.grails.web.servlet.mvc.exceptions.CannotRedirectException: Cannot redirect for object [ru.mm2.operations.ConsultationRecord : (unsaved)] it is not a domain or has no identifier. Use an explicit redirect instead 
	at ru.mm2.operations.ConsultationRecordController.tt__save_closure9_closure14(ConsultationRecordController.groovy:47)
	at ru.mm2.operations.ConsultationRecordController.$tt__save(ConsultationRecordController.groovy:44)
	at ru.mm2.operations.ConsultationRecordControllerSpec.Test the save action correctly persists an instance(ConsultationRecordControllerSpec.groovy:52)
</error>

      </testcase>

      <testcase classname="ru.mm2.operations.ConsultationRecordControllerSpec" name="Test that the show action returns the correct model" time="0.057" />

      <testcase classname="ru.mm2.operations.ConsultationRecordControllerSpec" name="Test that the edit action returns the correct model" time="0.054" />

      <testcase classname="ru.mm2.operations.ConsultationRecordControllerSpec" name="Test the update action performs an update on a valid domain instance" time="0.083">
          <error message="Cannot get property &apos;id&apos; on null object" type="java.lang.NullPointerException">java.lang.NullPointerException: Cannot get property &apos;id&apos; on null object
	at ru.mm2.operations.ConsultationRecordControllerSpec.Test the update action performs an update on a valid domain instance(ConsultationRecordControllerSpec.groovy:118)
</error>

      </testcase>

      <testcase classname="ru.mm2.operations.ConsultationRecordControllerSpec" name="Test that the delete action deletes an instance if it exists" time="0.063">
          <failure message="Condition not satisfied:&#xa;&#xa;ConsultationRecord.count() == 1&#xa;                   |       |&#xa;                   0       false&#xa;" type="junit.framework.AssertionFailedError">junit.framework.AssertionFailedError: Condition not satisfied:

ConsultationRecord.count() == 1
                   |       |
                   0       false

	at ru.mm2.operations.ConsultationRecordControllerSpec.Test that the delete action deletes an instance if it exists(ConsultationRecordControllerSpec.groovy:136)
</failure>

      </testcase>

      <system-out><![CDATA[--Output from Test the index action returns the correct model--
--Output from Test the create action returns the correct model--
--Output from Test the save action correctly persists an instance--
--Output from Test that the show action returns the correct model--
--Output from Test that the edit action returns the correct model--
--Output from Test the update action performs an update on a valid domain instance--
--Output from Test that the delete action deletes an instance if it exists--
]]></system-out>

      <system-err><![CDATA[--Output from Test the index action returns the correct model--
--Output from Test the create action returns the correct model--
--Output from Test the save action correctly persists an instance--
--Output from Test that the show action returns the correct model--
--Output from Test that the edit action returns the correct model--
--Output from Test the update action performs an update on a valid domain instance--
--Output from Test that the delete action deletes an instance if it exists--
]]></system-err>

  </testsuite>
  <testsuite errors="1" failures="6" hostname="k423.bn.local" id="4" name="ConsultationRecordsControllerSpec" package="ru.mm2.operations" tests="7" time="7.552" timestamp="2014-01-15T08:51:36">
      <properties />

      <testcase classname="ru.mm2.operations.ConsultationRecordsControllerSpec" name="Test the index action returns the correct model" time="5.425">
          <failure message="Condition not satisfied:&#xa;&#xa;model.consultationRecordsInstanceCount == 0&#xa;|     |                                |&#xa;|     null                             false&#xa;[consultationRecordInstanceCount:0, emptyCollection:[]]&#xa;" type="junit.framework.AssertionFailedError">junit.framework.AssertionFailedError: Condition not satisfied:

model.consultationRecordsInstanceCount == 0
|     |                                |
|     null                             false
[consultationRecordInstanceCount:0, emptyCollection:[]]

	at ru.mm2.operations.ConsultationRecordsControllerSpec.Test the index action returns the correct model(ConsultationRecordsControllerSpec.groovy:25)
</failure>

      </testcase>

      <testcase classname="ru.mm2.operations.ConsultationRecordsControllerSpec" name="Test the create action returns the correct model" time="0.18">
          <error type="java.lang.NullPointerException">java.lang.NullPointerException
	at java.text.SimpleDateFormat.parse(SimpleDateFormat.java:1380)
	at java.text.DateFormat.parse(DateFormat.java:355)
	at ru.mm2.operations.ConsultationRecordController.$tt__create(ConsultationRecordController.groovy:25)
	at ru.mm2.operations.ConsultationRecordsControllerSpec.Test the create action returns the correct model(ConsultationRecordsControllerSpec.groovy:30)
</error>

      </testcase>

      <testcase classname="ru.mm2.operations.ConsultationRecordsControllerSpec" name="Test the save action correctly persists an instance" time="0.193">
          <failure message="Condition not satisfied:&#xa;&#xa;model.consultationRecordsInstance != null&#xa;|     |                           |&#xa;|     null                        false&#xa;[consultationRecordInstance:ru.mm2.operations.ConsultationRecord : (unsaved)]&#xa;" type="junit.framework.AssertionFailedError">junit.framework.AssertionFailedError: Condition not satisfied:

model.consultationRecordsInstance != null
|     |                           |
|     null                        false
[consultationRecordInstance:ru.mm2.operations.ConsultationRecord : (unsaved)]

	at ru.mm2.operations.ConsultationRecordsControllerSpec.Test the save action correctly persists an instance(ConsultationRecordsControllerSpec.groovy:44)
</failure>

      </testcase>

      <testcase classname="ru.mm2.operations.ConsultationRecordsControllerSpec" name="Test that the show action returns the correct model" time="0.238">
          <failure message="Condition not satisfied:&#xa;&#xa;model.consultationRecordsInstance == consultationRecords&#xa;|     |                           |  |&#xa;|     null                        |  ru.mm2.operations.ConsultationRecord : (unsaved)&#xa;|                                 false&#xa;[consultationRecordInstance:ru.mm2.operations.ConsultationRecord : (unsaved)]&#xa;" type="junit.framework.AssertionFailedError">junit.framework.AssertionFailedError: Condition not satisfied:

model.consultationRecordsInstance == consultationRecords
|     |                           |  |
|     null                        |  ru.mm2.operations.ConsultationRecord : (unsaved)
|                                 false
[consultationRecordInstance:ru.mm2.operations.ConsultationRecord : (unsaved)]

	at ru.mm2.operations.ConsultationRecordsControllerSpec.Test that the show action returns the correct model(ConsultationRecordsControllerSpec.groovy:73)
</failure>

      </testcase>

      <testcase classname="ru.mm2.operations.ConsultationRecordsControllerSpec" name="Test that the edit action returns the correct model" time="0.141">
          <failure message="Condition not satisfied:&#xa;&#xa;model.consultationRecordsInstance == consultationRecords&#xa;|     |                           |  |&#xa;|     null                        |  ru.mm2.operations.ConsultationRecord : (unsaved)&#xa;|                                 false&#xa;[consultationRecordInstance:ru.mm2.operations.ConsultationRecord : (unsaved)]&#xa;" type="junit.framework.AssertionFailedError">junit.framework.AssertionFailedError: Condition not satisfied:

model.consultationRecordsInstance == consultationRecords
|     |                           |  |
|     null                        |  ru.mm2.operations.ConsultationRecord : (unsaved)
|                                 false
[consultationRecordInstance:ru.mm2.operations.ConsultationRecord : (unsaved)]

	at ru.mm2.operations.ConsultationRecordsControllerSpec.Test that the edit action returns the correct model(ConsultationRecordsControllerSpec.groovy:89)
</failure>

      </testcase>

      <testcase classname="ru.mm2.operations.ConsultationRecordsControllerSpec" name="Test the update action performs an update on a valid domain instance" time="0.88">
          <failure message="Condition not satisfied:&#xa;&#xa;response.redirectedUrl == &apos;/consultationRecords/index&apos;&#xa;|        |             |&#xa;|        |             false&#xa;|        |             1 difference (96% similarity)&#xa;|        |             /consultationRecord(-)/index&#xa;|        |             /consultationRecord(s)/index&#xa;|        /consultationRecord/index&#xa;org.codehaus.groovy.grails.plugins.testing.GrailsMockHttpServletResponse@1addeba1&#xa;" type="junit.framework.AssertionFailedError">junit.framework.AssertionFailedError: Condition not satisfied:

response.redirectedUrl == &apos;/consultationRecords/index&apos;
|        |             |
|        |             false
|        |             1 difference (96% similarity)
|        |             /consultationRecord(-)/index
|        |             /consultationRecord(s)/index
|        /consultationRecord/index
org.codehaus.groovy.grails.plugins.testing.GrailsMockHttpServletResponse@1addeba1

	at ru.mm2.operations.ConsultationRecordsControllerSpec.Test the update action performs an update on a valid domain instance(ConsultationRecordsControllerSpec.groovy:97)
</failure>

      </testcase>

      <testcase classname="ru.mm2.operations.ConsultationRecordsControllerSpec" name="Test that the delete action deletes an instance if it exists" time="0.152">
          <failure message="Condition not satisfied:&#xa;&#xa;response.redirectedUrl == &apos;/consultationRecords/index&apos;&#xa;|        |             |&#xa;|        |             false&#xa;|        |             1 difference (96% similarity)&#xa;|        |             /consultationRecord(-)/index&#xa;|        |             /consultationRecord(s)/index&#xa;|        /consultationRecord/index&#xa;org.codehaus.groovy.grails.plugins.testing.GrailsMockHttpServletResponse@4093f39f&#xa;" type="junit.framework.AssertionFailedError">junit.framework.AssertionFailedError: Condition not satisfied:

response.redirectedUrl == &apos;/consultationRecords/index&apos;
|        |             |
|        |             false
|        |             1 difference (96% similarity)
|        |             /consultationRecord(-)/index
|        |             /consultationRecord(s)/index
|        /consultationRecord/index
org.codehaus.groovy.grails.plugins.testing.GrailsMockHttpServletResponse@4093f39f

	at ru.mm2.operations.ConsultationRecordsControllerSpec.Test that the delete action deletes an instance if it exists(ConsultationRecordsControllerSpec.groovy:127)
</failure>

      </testcase>

      <system-out><![CDATA[--Output from Test the index action returns the correct model--
--Output from Test the create action returns the correct model--
--Output from Test the save action correctly persists an instance--
--Output from Test that the show action returns the correct model--
--Output from Test that the edit action returns the correct model--
--Output from Test the update action performs an update on a valid domain instance--
--Output from Test that the delete action deletes an instance if it exists--
]]></system-out>

      <system-err><![CDATA[--Output from Test the index action returns the correct model--
--Output from Test the create action returns the correct model--
--Output from Test the save action correctly persists an instance--
--Output from Test that the show action returns the correct model--
--Output from Test that the edit action returns the correct model--
--Output from Test the update action performs an update on a valid domain instance--
--Output from Test that the delete action deletes an instance if it exists--
]]></system-err>

  </testsuite>
  <testsuite errors="2" failures="1" hostname="k423.bn.local" id="5" name="DoctorControllerSpec" package="ru.mm2.operations" tests="7" time="0.852" timestamp="2014-01-15T08:51:56">
      <properties />

      <testcase classname="ru.mm2.operations.DoctorControllerSpec" name="Test the index action returns the correct model" time="0.306" />

      <testcase classname="ru.mm2.operations.DoctorControllerSpec" name="Test the create action returns the correct model" time="0.073" />

      <testcase classname="ru.mm2.operations.DoctorControllerSpec" name="Test the save action correctly persists an instance" time="0.163">
          <error message="Cannot redirect for object [ru.mm2.operations.Doctor : (unsaved)] it is not a domain or has no identifier. Use an explicit redirect instead " type="org.codehaus.groovy.grails.web.servlet.mvc.exceptions.CannotRedirectException">org.codehaus.groovy.grails.web.servlet.mvc.exceptions.CannotRedirectException: Cannot redirect for object [ru.mm2.operations.Doctor : (unsaved)] it is not a domain or has no identifier. Use an explicit redirect instead 
	at ru.mm2.operations.DoctorController.tt__save_closure9_closure14(DoctorController.groovy:43)
	at ru.mm2.operations.DoctorController.$tt__save(DoctorController.groovy:40)
	at ru.mm2.operations.DoctorControllerSpec.Test the save action correctly persists an instance(DoctorControllerSpec.groovy:52)
</error>

      </testcase>

      <testcase classname="ru.mm2.operations.DoctorControllerSpec" name="Test that the show action returns the correct model" time="0.071" />

      <testcase classname="ru.mm2.operations.DoctorControllerSpec" name="Test that the edit action returns the correct model" time="0.058" />

      <testcase classname="ru.mm2.operations.DoctorControllerSpec" name="Test the update action performs an update on a valid domain instance" time="0.112">
          <error message="Cannot get property &apos;id&apos; on null object" type="java.lang.NullPointerException">java.lang.NullPointerException: Cannot get property &apos;id&apos; on null object
	at ru.mm2.operations.DoctorControllerSpec.Test the update action performs an update on a valid domain instance(DoctorControllerSpec.groovy:118)
</error>

      </testcase>

      <testcase classname="ru.mm2.operations.DoctorControllerSpec" name="Test that the delete action deletes an instance if it exists" time="0.065">
          <failure message="Condition not satisfied:&#xa;&#xa;Doctor.count() == 1&#xa;       |       |&#xa;       0       false&#xa;" type="junit.framework.AssertionFailedError">junit.framework.AssertionFailedError: Condition not satisfied:

Doctor.count() == 1
       |       |
       0       false

	at ru.mm2.operations.DoctorControllerSpec.Test that the delete action deletes an instance if it exists(DoctorControllerSpec.groovy:136)
</failure>

      </testcase>

      <system-out><![CDATA[--Output from Test the index action returns the correct model--
--Output from Test the create action returns the correct model--
--Output from Test the save action correctly persists an instance--
--Output from Test that the show action returns the correct model--
--Output from Test that the edit action returns the correct model--
--Output from Test the update action performs an update on a valid domain instance--
--Output from Test that the delete action deletes an instance if it exists--
]]></system-out>

      <system-err><![CDATA[--Output from Test the index action returns the correct model--
--Output from Test the create action returns the correct model--
--Output from Test the save action correctly persists an instance--
--Output from Test that the show action returns the correct model--
--Output from Test that the edit action returns the correct model--
--Output from Test the update action performs an update on a valid domain instance--
--Output from Test that the delete action deletes an instance if it exists--
]]></system-err>

  </testsuite>
  <testsuite errors="3" failures="1" hostname="k423.bn.local" id="6" name="OperationRecordControllerSpec" package="ru.mm2.operations" tests="7" time="1.734" timestamp="2014-01-15T08:51:48">
      <properties />

      <testcase classname="ru.mm2.operations.OperationRecordControllerSpec" name="Test the index action returns the correct model" time="0.474" />

      <testcase classname="ru.mm2.operations.OperationRecordControllerSpec" name="Test the create action returns the correct model" time="0.111">
          <error type="java.lang.NullPointerException">java.lang.NullPointerException
	at java.text.SimpleDateFormat.parse(SimpleDateFormat.java:1380)
	at java.text.DateFormat.parse(DateFormat.java:355)
	at ru.mm2.operations.OperationRecordController.$tt__create(OperationRecordController.groovy:50)
	at ru.mm2.operations.OperationRecordControllerSpec.Test the create action returns the correct model(OperationRecordControllerSpec.groovy:30)
</error>

      </testcase>

      <testcase classname="ru.mm2.operations.OperationRecordControllerSpec" name="Test the save action correctly persists an instance" time="0.253">
          <error message="Cannot redirect for object [ru.mm2.operations.OperationRecord : (unsaved)] it is not a domain or has no identifier. Use an explicit redirect instead " type="org.codehaus.groovy.grails.web.servlet.mvc.exceptions.CannotRedirectException">org.codehaus.groovy.grails.web.servlet.mvc.exceptions.CannotRedirectException: Cannot redirect for object [ru.mm2.operations.OperationRecord : (unsaved)] it is not a domain or has no identifier. Use an explicit redirect instead 
	at ru.mm2.operations.OperationRecordController.tt__save_closure11_closure16(OperationRecordController.groovy:72)
	at ru.mm2.operations.OperationRecordController.$tt__save(OperationRecordController.groovy:69)
	at ru.mm2.operations.OperationRecordControllerSpec.Test the save action correctly persists an instance(OperationRecordControllerSpec.groovy:52)
</error>

      </testcase>

      <testcase classname="ru.mm2.operations.OperationRecordControllerSpec" name="Test that the show action returns the correct model" time="0.298" />

      <testcase classname="ru.mm2.operations.OperationRecordControllerSpec" name="Test that the edit action returns the correct model" time="0.112" />

      <testcase classname="ru.mm2.operations.OperationRecordControllerSpec" name="Test the update action performs an update on a valid domain instance" time="0.194">
          <error message="Cannot get property &apos;id&apos; on null object" type="java.lang.NullPointerException">java.lang.NullPointerException: Cannot get property &apos;id&apos; on null object
	at ru.mm2.operations.OperationRecordControllerSpec.Test the update action performs an update on a valid domain instance(OperationRecordControllerSpec.groovy:118)
</error>

      </testcase>

      <testcase classname="ru.mm2.operations.OperationRecordControllerSpec" name="Test that the delete action deletes an instance if it exists" time="0.111">
          <failure message="Condition not satisfied:&#xa;&#xa;OperationRecord.count() == 1&#xa;                |       |&#xa;                0       false&#xa;" type="junit.framework.AssertionFailedError">junit.framework.AssertionFailedError: Condition not satisfied:

OperationRecord.count() == 1
                |       |
                0       false

	at ru.mm2.operations.OperationRecordControllerSpec.Test that the delete action deletes an instance if it exists(OperationRecordControllerSpec.groovy:136)
</failure>

      </testcase>

      <system-out><![CDATA[--Output from Test the index action returns the correct model--
--Output from Test the create action returns the correct model--
--Output from Test the save action correctly persists an instance--
--Output from Test that the show action returns the correct model--
--Output from Test that the edit action returns the correct model--
--Output from Test the update action performs an update on a valid domain instance--
--Output from Test that the delete action deletes an instance if it exists--
]]></system-out>

      <system-err><![CDATA[--Output from Test the index action returns the correct model--
--Output from Test the create action returns the correct model--
--Output from Test the save action correctly persists an instance--
--Output from Test that the show action returns the correct model--
--Output from Test that the edit action returns the correct model--
--Output from Test the update action performs an update on a valid domain instance--
--Output from Test that the delete action deletes an instance if it exists--
]]></system-err>

  </testsuite>
  <testsuite errors="2" failures="1" hostname="k423.bn.local" id="7" name="OperationsControllerSpec" package="ru.mm2.operations" tests="7" time="2.798" timestamp="2014-01-15T08:51:43">
      <properties />

      <testcase classname="ru.mm2.operations.OperationsControllerSpec" name="Test the index action returns the correct model" time="0.812" />

      <testcase classname="ru.mm2.operations.OperationsControllerSpec" name="Test the create action returns the correct model" time="0.106" />

      <testcase classname="ru.mm2.operations.OperationsControllerSpec" name="Test the save action correctly persists an instance" time="0.722">
          <error message="Cannot redirect for object [ru.mm2.operations.Operations : (unsaved)] it is not a domain or has no identifier. Use an explicit redirect instead " type="org.codehaus.groovy.grails.web.servlet.mvc.exceptions.CannotRedirectException">org.codehaus.groovy.grails.web.servlet.mvc.exceptions.CannotRedirectException: Cannot redirect for object [ru.mm2.operations.Operations : (unsaved)] it is not a domain or has no identifier. Use an explicit redirect instead 
	at ru.mm2.operations.OperationsController.tt__save_closure9_closure14(OperationsController.groovy:43)
	at ru.mm2.operations.OperationsController.$tt__save(OperationsController.groovy:40)
	at ru.mm2.operations.OperationsControllerSpec.Test the save action correctly persists an instance(OperationsControllerSpec.groovy:52)
</error>

      </testcase>

      <testcase classname="ru.mm2.operations.OperationsControllerSpec" name="Test that the show action returns the correct model" time="0.099" />

      <testcase classname="ru.mm2.operations.OperationsControllerSpec" name="Test that the edit action returns the correct model" time="0.307" />

      <testcase classname="ru.mm2.operations.OperationsControllerSpec" name="Test the update action performs an update on a valid domain instance" time="0.305">
          <error message="Cannot get property &apos;id&apos; on null object" type="java.lang.NullPointerException">java.lang.NullPointerException: Cannot get property &apos;id&apos; on null object
	at ru.mm2.operations.OperationsControllerSpec.Test the update action performs an update on a valid domain instance(OperationsControllerSpec.groovy:118)
</error>

      </testcase>

      <testcase classname="ru.mm2.operations.OperationsControllerSpec" name="Test that the delete action deletes an instance if it exists" time="0.14">
          <failure message="Condition not satisfied:&#xa;&#xa;Operations.count() == 1&#xa;           |       |&#xa;           0       false&#xa;" type="junit.framework.AssertionFailedError">junit.framework.AssertionFailedError: Condition not satisfied:

Operations.count() == 1
           |       |
           0       false

	at ru.mm2.operations.OperationsControllerSpec.Test that the delete action deletes an instance if it exists(OperationsControllerSpec.groovy:136)
</failure>

      </testcase>

      <system-out><![CDATA[--Output from Test the index action returns the correct model--
--Output from Test the create action returns the correct model--
--Output from Test the save action correctly persists an instance--
--Output from Test that the show action returns the correct model--
--Output from Test that the edit action returns the correct model--
--Output from Test the update action performs an update on a valid domain instance--
--Output from Test that the delete action deletes an instance if it exists--
]]></system-out>

      <system-err><![CDATA[--Output from Test the index action returns the correct model--
--Output from Test the create action returns the correct model--
--Output from Test the save action correctly persists an instance--
--Output from Test that the show action returns the correct model--
--Output from Test that the edit action returns the correct model--
--Output from Test the update action performs an update on a valid domain instance--
--Output from Test that the delete action deletes an instance if it exists--
]]></system-err>

  </testsuite>
  <testsuite errors="2" failures="1" hostname="k423.bn.local" id="8" name="ResearchControllerSpec" package="ru.mm2.operations" tests="7" time="1.145" timestamp="2014-01-15T08:51:53">
      <properties />

      <testcase classname="ru.mm2.operations.ResearchControllerSpec" name="Test the index action returns the correct model" time="0.287" />

      <testcase classname="ru.mm2.operations.ResearchControllerSpec" name="Test the create action returns the correct model" time="0.078" />

      <testcase classname="ru.mm2.operations.ResearchControllerSpec" name="Test the save action correctly persists an instance" time="0.177">
          <error message="Cannot redirect for object [ru.mm2.operations.Research : (unsaved)] it is not a domain or has no identifier. Use an explicit redirect instead " type="org.codehaus.groovy.grails.web.servlet.mvc.exceptions.CannotRedirectException">org.codehaus.groovy.grails.web.servlet.mvc.exceptions.CannotRedirectException: Cannot redirect for object [ru.mm2.operations.Research : (unsaved)] it is not a domain or has no identifier. Use an explicit redirect instead 
	at ru.mm2.operations.ResearchController.tt__save_closure9_closure14(ResearchController.groovy:43)
	at ru.mm2.operations.ResearchController.$tt__save(ResearchController.groovy:40)
	at ru.mm2.operations.ResearchControllerSpec.Test the save action correctly persists an instance(ResearchControllerSpec.groovy:52)
</error>

      </testcase>

      <testcase classname="ru.mm2.operations.ResearchControllerSpec" name="Test that the show action returns the correct model" time="0.062" />

      <testcase classname="ru.mm2.operations.ResearchControllerSpec" name="Test that the edit action returns the correct model" time="0.115" />

      <testcase classname="ru.mm2.operations.ResearchControllerSpec" name="Test the update action performs an update on a valid domain instance" time="0.147">
          <error message="Cannot get property &apos;id&apos; on null object" type="java.lang.NullPointerException">java.lang.NullPointerException: Cannot get property &apos;id&apos; on null object
	at ru.mm2.operations.ResearchControllerSpec.Test the update action performs an update on a valid domain instance(ResearchControllerSpec.groovy:118)
</error>

      </testcase>

      <testcase classname="ru.mm2.operations.ResearchControllerSpec" name="Test that the delete action deletes an instance if it exists" time="0.074">
          <failure message="Condition not satisfied:&#xa;&#xa;Research.count() == 1&#xa;         |       |&#xa;         0       false&#xa;" type="junit.framework.AssertionFailedError">junit.framework.AssertionFailedError: Condition not satisfied:

Research.count() == 1
         |       |
         0       false

	at ru.mm2.operations.ResearchControllerSpec.Test that the delete action deletes an instance if it exists(ResearchControllerSpec.groovy:136)
</failure>

      </testcase>

      <system-out><![CDATA[--Output from Test the index action returns the correct model--
--Output from Test the create action returns the correct model--
--Output from Test the save action correctly persists an instance--
--Output from Test that the show action returns the correct model--
--Output from Test that the edit action returns the correct model--
--Output from Test the update action performs an update on a valid domain instance--
--Output from Test that the delete action deletes an instance if it exists--
]]></system-out>

      <system-err><![CDATA[--Output from Test the index action returns the correct model--
--Output from Test the create action returns the correct model--
--Output from Test the save action correctly persists an instance--
--Output from Test that the show action returns the correct model--
--Output from Test that the edit action returns the correct model--
--Output from Test the update action performs an update on a valid domain instance--
--Output from Test that the delete action deletes an instance if it exists--
]]></system-err>

  </testsuite>
</testsuites>
